Provider/app/build/outputs/logs/manifest-merger-debug-report.txt
-- Merging decision tree log ---
manifest
ADDED from src\main\AndroidManifest.xml:2:1-63:12
	package
		ADDED from src\main\AndroidManifest.xml:2:11-71
		INJECTED from src\main\AndroidManifest.xml
		INJECTED from src\main\AndroidManifest.xml
	android:versionName
		ADDED from src\main\AndroidManifest.xml:5:11-38
		INJECTED from src\main\AndroidManifest.xml
		INJECTED from src\main\AndroidManifest.xml
	android:versionCode
		ADDED from src\main\AndroidManifest.xml:4:11-34
		INJECTED from src\main\AndroidManifest.xml
		INJECTED from src\main\AndroidManifest.xml
	xmlns:android
		ADDED from src\main\AndroidManifest.xml:3:11-69
uses-sdk
ADDED from src\main\AndroidManifest.xml:7:5-9:40
MERGED from [com.android.support:appcompat-v7:23.1.1] AndroidManifest.xml:20:5-43
MERGED from [com.android.support:support-v4:23.1.1] AndroidManifest.xml:20:5-43
	android:targetSdkVersion
		ADDED from src\main\AndroidManifest.xml:9:9-38
		INJECTED from src\main\AndroidManifest.xml
		INJECTED from src\main\AndroidManifest.xml
	android:minSdkVersion
		ADDED from src\main\AndroidManifest.xml:8:9-35
		INJECTED from src\main\AndroidManifest.xml
		INJECTED from src\main\AndroidManifest.xml
uses-permission#android.permission.BLUETOOTH
ADDED from src\main\AndroidManifest.xml:11:5-67
	android:name
		ADDED from src\main\AndroidManifest.xml:11:22-65
uses-permission#android.permission.BLUETOOTH_ADMIN
ADDED from src\main\AndroidManifest.xml:12:5-73
	android:name
		ADDED from src\main\AndroidManifest.xml:12:22-71
uses-permission#com.samsung.accessory.permission.ACCESSORY_FRAMEWORK
ADDED from src\main\AndroidManifest.xml:13:5-91
	android:name
		ADDED from src\main\AndroidManifest.xml:13:22-89
uses-permission#com.samsung.android.providers.context.permission.WRITE_USE_APP_FEATURE_SURVEY
ADDED from src\main\AndroidManifest.xml:14:5-116
	android:name
		ADDED from src\main\AndroidManifest.xml:14:22-114
uses-permission#com.samsung.WATCH_APP_TYPE.Companion
ADDED from src\main\AndroidManifest.xml:15:5-75
	android:name
		ADDED from src\main\AndroidManifest.xml:15:22-73
uses-permission#com.samsung.wmanager.ENABLE_NOTIFICATION
ADDED from src\main\AndroidManifest.xml:16:5-79
	android:name
		ADDED from src\main\AndroidManifest.xml:16:22-77
uses-permission#android.permission.WRITE_EXTERNAL_STORAGE
ADDED from src\main\AndroidManifest.xml:18:5-80
	android:name
		ADDED from src\main\AndroidManifest.xml:18:22-78
uses-permission#android.permission.READ_PHONE_STATE
ADDED from src\main\AndroidManifest.xml:19:5-74
	android:name
		ADDED from src\main\AndroidManifest.xml:19:22-72
uses-permission#android.permission.READ_EXTERNAL_STORAGE
ADDED from src\main\AndroidManifest.xml:20:5-79
	android:name
		ADDED from src\main\AndroidManifest.xml:20:22-77
uses-permission#android.permission.WAKE_LOCK
ADDED from src\main\AndroidManifest.xml:22:5-68
	android:name
		ADDED from src\main\AndroidManifest.xml:22:22-65
application
ADDED from src\main\AndroidManifest.xml:24:5-61:19
MERGED from [com.android.support:appcompat-v7:23.1.1] AndroidManifest.xml:22:5-20
MERGED from [com.android.support:support-v4:23.1.1] AndroidManifest.xml:22:5-20
	android:label
		ADDED from src\main\AndroidManifest.xml:27:9-41
	android:supportsRtl
		ADDED from src\main\AndroidManifest.xml:28:9-35
	android:allowBackup
		ADDED from src\main\AndroidManifest.xml:25:9-35
	android:icon
		ADDED from src\main\AndroidManifest.xml:26:9-45
	android:theme
		ADDED from src\main\AndroidManifest.xml:29:9-47
service#com.samsunglabo.patrykkrawczyk.gearplayer.provider.ProviderService
ADDED from src\main\AndroidManifest.xml:30:9-51
	android:name
		ADDED from src\main\AndroidManifest.xml:30:18-49
service#com.samsunglabo.patrykkrawczyk.gearplayer.provider.MusicService
ADDED from src\main\AndroidManifest.xml:31:9-48
	android:name
		ADDED from src\main\AndroidManifest.xml:31:18-46
receiver#com.samsung.android.sdk.accessory.RegisterUponInstallReceiver
ADDED from src\main\AndroidManifest.xml:33:9-37:20
	android:name
		ADDED from src\main\AndroidManifest.xml:33:19-95
intent-filter#com.samsung.accessory.action.REGISTER_AGENT
ADDED from src\main\AndroidManifest.xml:34:13-36:29
action#com.samsung.accessory.action.REGISTER_AGENT
ADDED from src\main\AndroidManifest.xml:35:17-85
	android:name
		ADDED from src\main\AndroidManifest.xml:35:25-83
receiver#com.samsung.android.sdk.accessory.ServiceConnectionIndicationBroadcastReceiver
ADDED from src\main\AndroidManifest.xml:38:9-42:20
	android:name
		ADDED from src\main\AndroidManifest.xml:38:19-112
intent-filter#com.samsung.accessory.action.SERVICE_CONNECTION_REQUESTED
ADDED from src\main\AndroidManifest.xml:39:13-41:29
action#com.samsung.accessory.action.SERVICE_CONNECTION_REQUESTED
ADDED from src\main\AndroidManifest.xml:40:17-99
	android:name
		ADDED from src\main\AndroidManifest.xml:40:25-97
meta-data#AccessoryServicesLocation
ADDED from src\main\AndroidManifest.xml:44:9-46:61
	android:value
		ADDED from src\main\AndroidManifest.xml:46:13-59
	android:name
		ADDED from src\main\AndroidManifest.xml:45:13-53
meta-data#GearAppType
ADDED from src\main\AndroidManifest.xml:47:9-49:34
	android:value
		ADDED from src\main\AndroidManifest.xml:49:13-32
	android:name
		ADDED from src\main\AndroidManifest.xml:48:13-39
activity#com.samsunglabo.patrykkrawczyk.gearplayer.provider.MainActivity
ADDED from src\main\AndroidManifest.xml:51:9-60:20
	android:screenOrientation
		ADDED from src\main\AndroidManifest.xml:55:13-49
	android:label
		ADDED from src\main\AndroidManifest.xml:53:13-56
	android:launchMode
		ADDED from src\main\AndroidManifest.xml:54:13-43
	android:name
		ADDED from src\main\AndroidManifest.xml:52:13-41
intent-filter#android.intent.action.MAIN+android.intent.category.LAUNCHER
ADDED from src\main\AndroidManifest.xml:56:13-59:29
action#android.intent.action.MAIN
ADDED from src\main\AndroidManifest.xml:57:17-68
	android:name
		ADDED from src\main\AndroidManifest.xml:57:25-66
category#android.intent.category.LAUNCHER
ADDED from src\main\AndroidManifest.xml:58:17-76
	android:name
		ADDED from src\main\AndroidManifest.xml:58:27-74